<?xml version="1.0" encoding="UTF-8"?>
<!-- Generated by org.testng.reporters.JUnitReportReporter -->
<testsuite hostname="LAPTOP-J7RS4Q2G" failures="0" tests="1" name="Program.VerifyLockedMessageByPrice" time="64.069" errors="0" timestamp="2024-09-16T00:28:33 IST" skipped="0">
  <testcase classname="Program.VerifyLockedMessageByPrice" name="VerifyLockedMessageByPrice" time="64.069"/>
  <system-out>
    <![CDATA[enter first
enter second
enter third
enter fourth]]>
  </system-out>
</testsuite> <!-- Program.VerifyLockedMessageByPrice -->
