<?xml version="1.0" encoding="UTF-8"?>
<!-- Generated by org.testng.reporters.JUnitReportReporter -->
<testsuite hostname="LAPTOP-J7RS4Q2G" failures="0" tests="1" name="BaseClassUtility.BaseClass" time="63.894" errors="0" timestamp="2024-09-15T11:51:46 IST" skipped="0">
  <testcase classname="BaseClassUtility.BaseClass" name="beforeSuite" time="63.894"/>
  <system-out>
    <![CDATA[Enter mobile number
enter first
enter second
enter third
enter fourth]]>
  </system-out>
</testsuite> <!-- BaseClassUtility.BaseClass -->
