<?xml version="1.0" encoding="UTF-8"?>
<!-- Generated by org.testng.reporters.JUnitReportReporter -->
<testsuite hostname="LAPTOP-J7RS4Q2G" failures="0" tests="1" name="Program.createNewLockedMessage" time="53.322" errors="0" timestamp="2024-09-15T23:58:36 IST" skipped="0">
  <testcase classname="Program.createNewLockedMessage" name="createNewLockedMessage" time="53.322"/>
  <system-out>
    <![CDATA[enter first
enter second
enter third
enter fourth]]>
  </system-out>
</testsuite> <!-- Program.createNewLockedMessage -->
