<?xml version="1.0" encoding="UTF-8"?>
<!-- Generated by org.testng.reporters.JUnitReportReporter -->
<testsuite hostname="LAPTOP-J7RS4Q2G" failures="0" tests="1" name="Program.ErrorHandling" time="57.419" errors="0" timestamp="2024-09-16T00:24:56 IST" skipped="0">
  <testcase classname="Program.ErrorHandling" name="errorHandling" time="57.419"/>
  <system-out>
    <![CDATA[enter first
enter second
enter third
enter fourth]]>
  </system-out>
</testsuite> <!-- Program.ErrorHandling -->
