<?xml version="1.0" encoding="UTF-8"?>
<!-- Generated by org.testng.reporters.JUnitReportReporter -->
<testsuite hostname="LAPTOP-J7RS4Q2G" failures="0" tests="1" name="Program.DeleteLockedMessage" time="66.652" errors="0" timestamp="2024-09-16T00:33:43 IST" skipped="0">
  <testcase classname="Program.DeleteLockedMessage" name="deleteLockedMessage" time="66.652"/>
  <system-out>
    <![CDATA[enter first
enter second
enter third
enter fourth]]>
  </system-out>
</testsuite> <!-- Program.DeleteLockedMessage -->
